<?xml version="1.0" encoding="UTF-8"?>
<!-- Generated by org.testng.reporters.JUnitXMLReporter -->
<testsuite hostname="DESKTOP-PU16VBP" ignored="3" name="Test" tests="1" failures="0" timestamp="2021-01-06T15:53:25 CST" time="19.222" errors="0">
  <testcase name="TC1_login_With_Valid_Credentials_Test" time="7.077" classname="com.Tests.LoginTest"/>
  <testcase name="TC3_login_With_InValid_Username_Test" time="0.0" classname="com.Tests.LoginTest">
    <ignored/>
  </testcase> <!-- TC3_login_With_InValid_Username_Test -->
  <testcase name="TC4_ForgotPassword_Test" time="0.0" classname="com.Tests.LoginTest">
    <ignored/>
  </testcase> <!-- TC4_ForgotPassword_Test -->
  <testcase name="TC2_login_With_InValidPassword_Test" time="0.0" classname="com.Tests.LoginTest">
    <ignored/>
  </testcase> <!-- TC2_login_With_InValidPassword_Test -->
</testsuite> <!-- Test -->
