<?xml version="1.0" encoding="UTF-8"?>
<!-- Generated by org.testng.reporters.JUnitXMLReporter -->
<testsuite hostname="DESKTOP-PU16VBP" ignored="0" name="Test" tests="3" failures="0" timestamp="2021-01-08T19:52:44 CST" time="45.901" errors="0">
  <testcase name="TC1_login_With_Valid_Credentials_Test" time="6.965" classname="com.Tests.LoginTest"/>
  <testcase name="TC2_login_Without_Password_Test" time="2.04" classname="com.Tests.LoginTest"/>
  <testcase name="TC3_login_Without_Username_Test" time="3.141" classname="com.Tests.LoginTest"/>
</testsuite> <!-- Test -->
