<?xml version="1.0" encoding="UTF-8"?>
<!-- Generated by org.testng.reporters.JUnitXMLReporter -->
<testsuite hostname="DESKTOP-PU16VBP" ignored="2" name="XERO Test on Firefox" tests="1" failures="0" timestamp="2021-01-08T20:04:19 CST" time="19.713" errors="0">
  <testcase name="TC1_login_With_Valid_Credentials_Test" time="5.062" classname="com.Tests.LoginTest"/>
  <testcase name="TC3_login_Without_Username_Test" time="0.0" classname="com.Tests.LoginTest">
    <ignored/>
  </testcase> <!-- TC3_login_Without_Username_Test -->
  <testcase name="TC2_login_Without_Password_Test" time="0.0" classname="com.Tests.LoginTest">
    <ignored/>
  </testcase> <!-- TC2_login_Without_Password_Test -->
</testsuite> <!-- XERO Test on Firefox -->
