<?xml version="1.0" encoding="UTF-8"?>
<!-- Generated by org.testng.reporters.JUnitXMLReporter -->
<testsuite hostname="DESKTOP-PU16VBP" ignored="0" name="XERO Test on Chrome " tests="4" failures="3" timestamp="2020-12-08T11:18:46 CST" time="69.236" errors="0">
  <testcase name="TC1_verify_LoginPage_Title_Test" time="10.538" classname="com.Tests.LoginTest"/>
  <testcase name="TC4_login_With_Password_Credential_Test" time="39.932" classname="com.Tests.LoginTest">
    <failure type="java.lang.NullPointerException">
      <![CDATA[java.lang.NullPointerException
at OOPs_Pages.LoginPage.doLogin(LoginPage.java:86)
at com.Tests.LoginTest.TC4_login_With_Password_Credential_Test(LoginTest.java:73)
at java.util.concurrent.ThreadPoolExecutor.runWorker(ThreadPoolExecutor.java:1149)
at java.util.concurrent.ThreadPoolExecutor$Worker.run(ThreadPoolExecutor.java:624)
at java.lang.Thread.run(Thread.java:748)
... Removed 12 stack frames]]>
    </failure>
  </testcase> <!-- TC4_login_With_Password_Credential_Test -->
  <testcase name="TC2_login_With_Valid_Credentials_Test" time="39.752" classname="com.Tests.LoginTest">
    <failure type="java.lang.NullPointerException">
      <![CDATA[java.lang.NullPointerException
at OOPs_Pages.LoginPage.doLogin(LoginPage.java:86)
at com.Tests.LoginTest.TC2_login_With_Valid_Credentials_Test(LoginTest.java:38)
at java.util.concurrent.ThreadPoolExecutor.runWorker(ThreadPoolExecutor.java:1149)
at java.util.concurrent.ThreadPoolExecutor$Worker.run(ThreadPoolExecutor.java:624)
at java.lang.Thread.run(Thread.java:748)
... Removed 12 stack frames]]>
    </failure>
  </testcase> <!-- TC2_login_With_Valid_Credentials_Test -->
  <testcase name="TC3_login_With_ValidUsername_Credential_Test" time="37.518" classname="com.Tests.LoginTest">
    <failure type="java.lang.NullPointerException">
      <![CDATA[java.lang.NullPointerException
at OOPs_Pages.LoginPage.doLogin(LoginPage.java:86)
at com.Tests.LoginTest.TC3_login_With_ValidUsername_Credential_Test(LoginTest.java:55)
at java.util.concurrent.ThreadPoolExecutor.runWorker(ThreadPoolExecutor.java:1149)
at java.util.concurrent.ThreadPoolExecutor$Worker.run(ThreadPoolExecutor.java:624)
at java.lang.Thread.run(Thread.java:748)
... Removed 12 stack frames]]>
    </failure>
  </testcase> <!-- TC3_login_With_ValidUsername_Credential_Test -->
</testsuite> <!-- XERO Test on Chrome  -->
