<?xml version="1.0" encoding="UTF-8"?>
<!-- Generated by org.testng.reporters.JUnitXMLReporter -->
<testsuite hostname="DESKTOP-PU16VBP" ignored="0" name="Login Test on chrome" tests="3" failures="0" timestamp="2021-01-08T20:14:15 CST" time="45.882" errors="0">
  <testcase name="TC1_login_With_Valid_Credentials_Test" time="6.496" classname="com.Tests.LoginTest"/>
  <testcase name="TC2_login_Without_Password_Test" time="2.149" classname="com.Tests.LoginTest"/>
  <testcase name="TC3_login_Without_Username_Test" time="3.225" classname="com.Tests.LoginTest"/>
</testsuite> <!-- Login Test on chrome -->
